<?xml version="1.0" encoding="UTF-8"?>
<!-- Generated by org.testng.reporters.JUnitReportReporter -->
<testsuite hostname="Indra" failures="0" tests="3" name="com.indra.automation.testcases.SearchTest" time="13.141" errors="0" timestamp="2024-04-07T20:12:51 EDT" skipped="0">
  <testcase classname="com.indra.automation.testcases.SearchTest" name="searchNonExistingProduct" time="4.326"/>
  <testcase classname="com.indra.automation.testcases.SearchTest" name="searchNoProduct" time="4.294"/>
  <testcase classname="com.indra.automation.testcases.SearchTest" name="searchExistingProduct" time="4.521"/>
</testsuite> <!-- com.indra.automation.testcases.SearchTest -->
