<?xml version="1.0" encoding="UTF-8"?>
<!-- Generated by org.testng.reporters.JUnitReportReporter -->
<testsuite hostname="Indra" failures="0" tests="3" name="com.indra.automation.testcases.LoginTest" time="18.572" errors="0" timestamp="2024-04-08T15:37:51 EDT" skipped="0">
  <testcase classname="com.indra.automation.testcases.LoginTest" name="loginTestWithValidCredentials" time="7.493"/>
  <testcase classname="com.indra.automation.testcases.LoginTest" name="loginTestWithValidCredentials" time="5.446"/>
  <testcase classname="com.indra.automation.testcases.LoginTest" name="loginTestWithValidCredentials" time="5.633"/>
</testsuite> <!-- com.indra.automation.testcases.LoginTest -->
