<?xml version="1.0" encoding="UTF-8"?>
<!-- Generated by org.testng.reporters.JUnitReportReporter -->
<testsuite hostname="Indra" failures="0" tests="2" name="com.indra.automation.testcases.RegisterTest" time="15.572" errors="0" timestamp="2024-04-07T20:12:51 EDT" skipped="0">
  <testcase classname="com.indra.automation.testcases.RegisterTest" name="registerWithValidDetails" time="7.880"/>
  <testcase classname="com.indra.automation.testcases.RegisterTest" name="registerWithInvalidEmail" time="7.692"/>
</testsuite> <!-- com.indra.automation.testcases.RegisterTest -->
