<?xml version="1.0" encoding="UTF-8"?>
<!-- Generated by org.testng.reporters.JUnitReportReporter -->
<testsuite hostname="Indra" failures="0" tests="1" name="com.indra.automation.testcases.LoginTest" time="5.564" errors="0" timestamp="2024-04-07T20:12:51 EDT" skipped="0">
  <testcase classname="com.indra.automation.testcases.LoginTest" name="loginTestWithValidCredentials" time="5.564"/>
</testsuite> <!-- com.indra.automation.testcases.LoginTest -->
